# JRE version: Java(TM) SE Runtime Environment (8.0_31-b13) (build 1.8.0_31-b13)
# Java VM: Java HotSpot(TM) 64-Bit Server VM (25.31-b07 mixed mode windows-amd64 compressed oops)
Heap:
 PSYoungGen      total 44032K, used 19207K [0x00000000e0b80000, 0x00000000e4a80000, 0x0000000100000000)
  eden space 40448K, 39% used [0x00000000e0b80000,0x00000000e1af29f8,0x00000000e3300000)
  from space 3584K, 94% used [0x00000000e3300000,0x00000000e364f590,0x00000000e3680000)
  to   space 3584K, 0% used [0x00000000e4700000,0x00000000e4700000,0x00000000e4a80000)
 ParOldGen       total 94208K, used 15539K [0x00000000a2200000, 0x00000000a7e00000, 0x00000000e0b80000)
  object space 94208K, 16% used [0x00000000a2200000,0x00000000a312cf10,0x00000000a7e00000)
 Metaspace       used 9656K, capacity 9804K, committed 9984K, reserved 1058816K
  class space    used 1127K, capacity 1186K, committed 1280K, reserved 1048576K
GC Heap History (10 events):
Event: 0.565 GC heap before
{Heap before GC invocations=16 (full 8):
 PSYoungGen      total 44032K, used 32K [0x00000000e0b80000, 0x00000000e3a00000, 0x0000000100000000)
  eden space 40448K, 0% used [0x00000000e0b80000,0x00000000e0b80000,0x00000000e3300000)
  from space 3584K, 0% used [0x00000000e3680000,0x00000000e3688000,0x00000000e3a00000)
  to   space 3584K, 0% used [0x00000000e3300000,0x00000000e3300000,0x00000000e3680000)
 ParOldGen       total 94208K, used 15523K [0x00000000a2200000, 0x00000000a7e00000, 0x00000000e0b80000)
  object space 94208K, 16% used [0x00000000a2200000,0x00000000a3128c50,0x00000000a7e00000)
 Metaspace       used 5207K, capacity 5352K, committed 5504K, reserved 1056768K
  class space    used 568K, capacity 623K, committed 640K, reserved 1048576K
Event: 0.571 GC heap after
Heap after GC invocations=16 (full 8):
 PSYoungGen      total 44032K, used 0K [0x00000000e0b80000, 0x00000000e3a00000, 0x0000000100000000)
  eden space 40448K, 0% used [0x00000000e0b80000,0x00000000e0b80000,0x00000000e3300000)
  from space 3584K, 0% used [0x00000000e3680000,0x00000000e3680000,0x00000000e3a00000)
  to   space 3584K, 0% used [0x00000000e3300000,0x00000000e3300000,0x00000000e3680000)
 ParOldGen       total 94208K, used 15523K [0x00000000a2200000, 0x00000000a7e00000, 0x00000000e0b80000)
  object space 94208K, 16% used [0x00000000a2200000,0x00000000a3128db0,0x00000000a7e00000)
 Metaspace       used 5207K, capacity 5352K, committed 5504K, reserved 1056768K
  class space    used 568K, capacity 623K, committed 640K, reserved 1048576K
}
Event: 0.571 GC heap before
{Heap before GC invocations=17 (full 8):
 PSYoungGen      total 44032K, used 804K [0x00000000e0b80000, 0x00000000e3a00000, 0x0000000100000000)
  eden space 40448K, 1% used [0x00000000e0b80000,0x00000000e0c491c0,0x00000000e3300000)
  from space 3584K, 0% used [0x00000000e3680000,0x00000000e3680000,0x00000000e3a00000)
  to   space 3584K, 0% used [0x00000000e3300000,0x00000000e3300000,0x00000000e3680000)
 ParOldGen       total 94208K, used 15523K [0x00000000a2200000, 0x00000000a7e00000, 0x00000000e0b80000)
  object space 94208K, 16% used [0x00000000a2200000,0x00000000a3128db0,0x00000000a7e00000)
 Metaspace       used 5207K, capacity 5352K, committed 5504K, reserved 1056768K
  class space    used 568K, capacity 623K, committed 640K, reserved 1048576K
Event: 0.571 GC heap after
Heap after GC invocations=17 (full 8):
 PSYoungGen      total 44032K, used 64K [0x00000000e0b80000, 0x00000000e3a00000, 0x0000000100000000)
  eden space 40448K, 0% used [0x00000000e0b80000,0x00000000e0b80000,0x00000000e3300000)
  from space 3584K, 1% used [0x00000000e3300000,0x00000000e3310000,0x00000000e3680000)
  to   space 3584K, 0% used [0x00000000e3680000,0x00000000e3680000,0x00000000e3a00000)
 ParOldGen       total 94208K, used 15523K [0x00000000a2200000, 0x00000000a7e00000, 0x00000000e0b80000)
  object space 94208K, 16% used [0x00000000a2200000,0x00000000a3128db0,0x00000000a7e00000)
 Metaspace       used 5207K, capacity 5352K, committed 5504K, reserved 1056768K
  class space    used 568K, capacity 623K, committed 640K, reserved 1048576K
}
Event: 0.571 GC heap before
{Heap before GC invocations=18 (full 9):
 PSYoungGen      total 44032K, used 64K [0x00000000e0b80000, 0x00000000e3a00000, 0x0000000100000000)
  eden space 40448K, 0% used [0x00000000e0b80000,0x00000000e0b80000,0x00000000e3300000)
  from space 3584K, 1% used [0x00000000e3300000,0x00000000e3310000,0x00000000e3680000)
  to   space 3584K, 0% used [0x00000000e3680000,0x00000000e3680000,0x00000000e3a00000)
 ParOldGen       total 94208K, used 15523K [0x00000000a2200000, 0x00000000a7e00000, 0x00000000e0b80000)
  object space 94208K, 16% used [0x00000000a2200000,0x00000000a3128db0,0x00000000a7e00000)
 Metaspace       used 5207K, capacity 5352K, committed 5504K, reserved 1056768K
  class space    used 568K, capacity 623K, committed 640K, reserved 1048576K
Event: 0.577 GC heap after
Heap after GC invocations=18 (full 9):
 PSYoungGen      total 44032K, used 0K [0x00000000e0b80000, 0x00000000e3a00000, 0x0000000100000000)
  eden space 40448K, 0% used [0x00000000e0b80000,0x00000000e0b80000,0x00000000e3300000)
  from space 3584K, 0% used [0x00000000e3300000,0x00000000e3300000,0x00000000e3680000)
  to   space 3584K, 0% used [0x00000000e3680000,0x00000000e3680000,0x00000000e3a00000)
 ParOldGen       total 94208K, used 15523K [0x00000000a2200000, 0x00000000a7e00000, 0x00000000e0b80000)
  object space 94208K, 16% used [0x00000000a2200000,0x00000000a3128f10,0x00000000a7e00000)
 Metaspace       used 5207K, capacity 5352K, committed 5504K, reserved 1056768K
  class space    used 568K, capacity 623K, committed 640K, reserved 1048576K
}
Event: 0.920 GC heap before
{Heap before GC invocations=19 (full 9):
 PSYoungGen      total 44032K, used 33436K [0x00000000e0b80000, 0x00000000e3a00000, 0x0000000100000000)
  eden space 40448K, 82% used [0x00000000e0b80000,0x00000000e2c273a0,0x00000000e3300000)
  from space 3584K, 0% used [0x00000000e3300000,0x00000000e3300000,0x00000000e3680000)
  to   space 3584K, 0% used [0x00000000e3680000,0x00000000e3680000,0x00000000e3a00000)
 ParOldGen       total 94208K, used 15523K [0x00000000a2200000, 0x00000000a7e00000, 0x00000000e0b80000)
  object space 94208K, 16% used [0x00000000a2200000,0x00000000a3128f10,0x00000000a7e00000)
 Metaspace       used 8558K, capacity 8740K, committed 8832K, reserved 1056768K
  class space    used 1023K, capacity 1090K, committed 1152K, reserved 1048576K
Event: 0.922 GC heap after
Heap after GC invocations=19 (full 9):
 PSYoungGen      total 44032K, used 896K [0x00000000e0b80000, 0x00000000e4e00000, 0x0000000100000000)
  eden space 40448K, 0% used [0x00000000e0b80000,0x00000000e0b80000,0x00000000e3300000)
  from space 3584K, 25% used [0x00000000e3680000,0x00000000e3760000,0x00000000e3a00000)
  to   space 3584K, 0% used [0x00000000e3300000,0x00000000e3300000,0x00000000e3680000)
 ParOldGen       total 94208K, used 15531K [0x00000000a2200000, 0x00000000a7e00000, 0x00000000e0b80000)
  object space 94208K, 16% used [0x00000000a2200000,0x00000000a312af10,0x00000000a7e00000)
 Metaspace       used 8558K, capacity 8740K, committed 8832K, reserved 1056768K
  class space    used 1023K, capacity 1090K, committed 1152K, reserved 1048576K
}
Event: 2.530 GC heap before
{Heap before GC invocations=20 (full 9):
 PSYoungGen      total 44032K, used 41344K [0x00000000e0b80000, 0x00000000e4e00000, 0x0000000100000000)
  eden space 40448K, 100% used [0x00000000e0b80000,0x00000000e3300000,0x00000000e3300000)
  from space 3584K, 25% used [0x00000000e3680000,0x00000000e3760000,0x00000000e3a00000)
  to   space 3584K, 0% used [0x00000000e3300000,0x00000000e3300000,0x00000000e3680000)
 ParOldGen       total 94208K, used 15531K [0x00000000a2200000, 0x00000000a7e00000, 0x00000000e0b80000)
  object space 94208K, 16% used [0x00000000a2200000,0x00000000a312af10,0x00000000a7e00000)
 Metaspace       used 9566K, capacity 9740K, committed 9984K, reserved 1058816K
  class space    used 1127K, capacity 1186K, committed 1280K, reserved 1048576K
Event: 2.533 GC heap after
Heap after GC invocations=20 (full 9):
 PSYoungGen      total 44032K, used 3389K [0x00000000e0b80000, 0x00000000e4a80000, 0x0000000100000000)
  eden space 40448K, 0% used [0x00000000e0b80000,0x00000000e0b80000,0x00000000e3300000)
  from space 3584K, 94% used [0x00000000e3300000,0x00000000e364f590,0x00000000e3680000)
  to   space 3584K, 0% used [0x00000000e4700000,0x00000000e4700000,0x00000000e4a80000)
 ParOldGen       total 94208K, used 15539K [0x00000000a2200000, 0x00000000a7e00000, 0x00000000e0b80000)
  object space 94208K, 16% used [0x00000000a2200000,0x00000000a312cf10,0x00000000a7e00000)
 Metaspace       used 9566K, capacity 9740K, committed 9984K, reserved 1058816K
  class space    used 1127K, capacity 1186K, committed 1280K, reserved 1048576K
}

